<?xml version="1.0" encoding="UTF-8"?>
<!-- Generated by org.testng.reporters.JUnitReportReporter -->
<testsuite hostname="LAPTOP-4OFRI5EK" failures="0" tests="1" name="com.qa.tests.SearchTest" time="3.822" errors="0" timestamp="2020-09-26T22:01:37 CEST" skipped="0">
  <testcase classname="com.qa.tests.SearchTest" name="searchPizza" time="3.822"/>
  <system-out/>
</testsuite> <!-- com.qa.tests.SearchTest -->
